1346
380395 531291
380423 531114
380877 531098
381648 382326
381693 381940
382692 382804
382893 531053
383288 518329
383658 383785
383810 518309
383813 518184
384150 393573
384268 393533
384403 393508
384910 393383
385001 389161
385196 386408
385276 386286
386008 386215
387084 389078
387129 387351
387510 388819
387665 388674
387790 388397
387821 388339
389409 393342
389590 390608
389907 390506
390005 390179
390658 391486
391095 391248
391488 393078
391847 393005
391858 392424
393151 393191
393610 518096
393627 516925
393630 516902
393635 516320
393663 394734
393731 394489
394896 395184
395288 503486
395503 503391
395739 503283
395811 503026
396073 502892
396111 501883
396380 501078
396524 500992
396565 396768
396801 500953
397162 397828
397300 397703
397854 500866
398119 497309
398125 497308
398320 497003
398634 400094
398658 398951
399047 399250
399069 399182
399409 400008
400243 496831
400468 400805
400873 400908
401086 404707
401627 404552
401823 402444
402248 402353
403276 404427
403688 404331
404928 496829
404984 496589
405027 496510
405203 496333
405467 495618
405503 495040
405679 491382
405937 490461
405955 490090
405962 490025
406016 489800
406675 489702
406895 489670
406928 489161
407375 408556
408062 408252
408654 489043
408688 409858
408728 409822
408803 409301
409494 409640
409944 410510
410589 411206
411324 488598
411355 488165
411367 411901
412076 412410
412440 433634
412483 433431
412577 433005
412682 414013
412792 413844
412950 413761
414036 431989
414056 414439
414468 431933
414775 431882
414898 427275
415118 426716
415181 426682
415230 415279
415383 426538
415961 426403
416260 425383
416305 417653
416359 417418
417423 417510
417930 425375
418012 425196
418111 424920
418407 418660
419076 424890
419134 422482
419201 422359
419338 421412
419494 421391
420620 421299
422595 424859
422629 423114
423175 424357
423409 423944
425427 425776
425893 426385
427310 431839
427327 431435
427456 427686
427955 430872
428170 430314
428194 430220
428417 430012
428516 428604
428846 429873
428951 429856
431466 431754
431544 431709
432203 432795
432331 432393
433676 488076
433807 487912
433936 486623
434037 486310
434107 434359
434368 485929
434493 485784
435114 485621
435122 485233
435147 468032
435259 467759
435448 467669
435490 467347
435531 436633
436464 436592
436833 437343
437349 467344
437705 467337
437860 467157
437864 445748
438015 445669
438137 445183
438233 443427
438340 439313
439357 441909
439707 441365
439748 441230
441522 441619
442061 443352
442093 442099
443119 443323
443129 443224
443603 444060
443774 443941
444297 445122
444711 445113
446102 467078
446148 466879
446232 466032
446347 465247
446496 465143
446707 455566
446785 455163
446899 447679
447210 447675
448432 455132
448686 455006
448742 454919
448803 451806
448881 450775
449310 450437
449832 450028
450094 450419
450699 450702
450853 451158
451820 452006
452030 454847
452453 452811
452893 454429
453033 454385
453361 454105
455184 455360
455909 465027
456395 464920
456544 456815
457084 464717
457097 464520
457105 464396
457394 464010
457428 457712
457820 463742
457849 463456
458881 462969
458912 462742
459057 459286
459291 461092
459321 460824
459802 460006
460192 460331
460424 460816
460569 460790
461135 462192
461254 462058
462983 463326
463597 463623
466272 466318
466349 466652
466373 466538
467847 467984
468111 468364
468427 485040
468767 468826
469120 484444
469512 484343
469514 483516
469575 483376
469760 481984
469848 481726
469920 479478
470056 470174
470482 470751
470795 471047
471220 479219
471256 477138
471532 477106
471926 476366
472082 472107
472149 476303
472465 476142
472573 472694
472736 476086
472900 475649
473040 475626
473121 475564
473172 474996
474032 474097
474547 474894
474576 474828
475188 475468
476791 477072
477172 479204
477705 479094
477905 478890
479702 481695
480259 481668
480436 481307
480438 481180
480914 481095
481999 483201
482206 482876
482925 483058
483790 484130
485253 485565
486676 487769
487203 487649
487577 487620
488637 489000
490667 491355
491410 494719
491788 492163
492173 494703
492212 494398
492244 492338
492410 493365
492453 492823
492944 493245
493057 493205
494068 494190
494778 494981
497648 500864
497803 500839
497916 498342
498375 500535
498381 500528
498908 500437
499086 500406
499744 500227
501168 501534
501593 501701
501991 502765
502188 502704
503839 516069
503896 516054
504061 516024
504390 513357
504730 513275
505074 512781
505214 512241
505564 511645
505588 509290
506110 508015
506238 507838
506877 507535
506914 507366
507020 507250
508072 509196
508308 508779
509355 511539
509607 510729
509899 510441
511270 511440
511889 512142
512274 512408
512475 512695
513532 515897
513804 514524
513808 514024
514534 515594
514983 515104
516321 516525
516619 516857
517270 517791
517459 517664
518361 530948
518369 530587
518407 521950
518605 521824
518755 521811
518859 521530
519345 521332
519459 520994
519814 520152
520398 520734
522326 528832
523070 528822
523343 528511
523561 527832
524307 525678
524444 525445
524854 524961
525875 527806
526392 527672
526399 527446
526451 527295
526637 527276
526832 526993
527986 528437
528285 528396
528519 528753
528880 530584
528949 530049
529195 529654
379650 379766
371732 379626
372106 379382
372207 379329
372364 378976
372725 378859
373250 376314
373311 376070
373435 375611
373512 375317
373703 375040
374188 374633
374701 374978
376331 378715
376334 377992
376747 376887
377451 377965
378381 378614
199584 371682
199709 371641
199832 200607
199851 200580
200686 371497
200899 371391
200976 371387
201599 371361
201842 371162
202042 370531
202175 370497
202625 203047
203151 204963
203168 204905
203354 203879
204307 204824
204413 204659
205106 206390
205365 206001
205937 205976
206411 370431
206628 370377
206758 370199
207064 370041
207379 369929
207501 262775
207640 262653
207667 208094
208193 262486
208226 262389
208355 208364
208474 212449
208527 212393
208642 212373
208833 209251
209099 209114
209777 212008
209814 210169
209862 209956
210404 211901
210437 211722
210590 211628
211195 211515
212864 261429
212879 261175
212928 212982
213161 261017
213262 261011
213382 260921
213446 260487
213614 260472
213623 260159
214002 214084
214305 214479
214809 260139
215214 215571
215585 216024
216033 216213
216342 222096
216406 221608
216698 221143
216714 217200
217218 218711
217695 217737
217908 218539
218866 221124
219259 221103
219429 219858
219975 221050
221355 221593
222182 260090
222281 260005
222703 259652
223049 259519
223236 259479
223239 259155
223274 258896
223619 223694
224071 258832
224082 224523
224882 227647
225594 227630
226376 227581
226504 227207
227281 227550
227718 258767
228082 258559
228347 258296
228481 258161
228514 228729
228966 258045
229183 257486
229369 229439
229680 257381
229909 257133
229994 234071
230112 232009
230502 231927
230935 231873
231010 231137
232095 232639
232476 232481
232934 233329
233371 234042
234290 256803
234341 256695
234456 256104
234482 234728
234884 235691
235436 235597
235705 240147
235920 236088
236458 240130
237001 239982
237072 237978
237527 237635
237853 237942
238029 239283
238255 239132
238313 238763
239589 239980
240032 240103
240193 256063
240266 240657
240899 255887
240940 255332
241040 255159
241300 255104
241577 241806
242027 254608
242225 242827
242249 242382
242616 242730
242833 253833
242879 248680
242930 248002
243084 247817
243416 245963
243479 245663
243714 243817
245054 245623
246247 247775
246335 247643
246516 247531
246874 247478
248255 248669
248770 253644
248798 253302
248949 249674
250174 253287
250196 253091
250579 252430
250635 252395
251175 252153
251261 252100
251387 251769
253856 254270
254854 255081
255338 255616
256197 256677
256336 256463
256808 256989
257533 257971
259420 259441
260516 260551
261443 262167
262990 369814
263088 263185
263202 369201
263448 263977
264057 369051
264481 369023
264525 368977
264561 368821
264580 368576
264714 265307
265392 368489
265453 368293
265476 368259
265574 366593
265726 267766
266060 267627
266077 267598
266252 266430
266563 267006
267135 267552
267806 268329
268411 366520
268670 366412
268738 366243
268933 366044
269115 269202
269475 365764
270027 364512
270105 363526
270249 270451
270611 362885
270656 362545
271049 361806
271066 361701
271145 361679
271155 271160
271729 361665
271947 272338
272399 314717
272419 314661
272674 314051
272930 313958
273586 313496
273900 292025
274011 291940
274215 276580
274406 275385
274462 275017
275495 276532
275766 275987
275990 276159
276711 291905
276884 291560
276928 291530
277250 277303
277525 291398
277882 291146
278145 291013
278295 279717
278623 279586
278747 279040
279776 287771
279850 285975
279864 285725
279932 281242
280036 281033
280957 281015
281329 285582
281745 282550
282060 282429
282357 282396
282615 282778
283201 283230
283385 285387
283477 284374
283631 284200
283909 283986
284745 285333
286072 286766
286155 286508
287119 287592
287779 290919
287866 290790
288999 290510
289150 290466
289332 289770
289878 289993
290069 290220
292122 292874
292153 292510
292612 292758
293009 313445
293182 313309
293412 313185
293518 313079
294005 312721
294039 311756
294091 311614
294283 311553
294313 294375
294718 310470
294761 309715
294824 308978
294876 308885
295186 308738
295418 295443
295649 308214
295912 296126
296152 296748
296787 308114
297059 307254
297092 307212
297135 302566
297322 297491
297776 300216
298035 299561
298152 299180
299582 300199
300372 302489
300425 302288
300704 302274
302904 307063
303346 306472
303510 306330
303579 305205
303841 304126
304232 304360
304522 305196
304579 304680
304955 305005
305637 306135
305680 305844
307420 308061
308390 308473
309786 310260
311981 312617
312796 313068
314056 314588
314435 314511
314728 361395
314772 361288
315114 360420
315353 359665
315414 359183
315585 354376
315623 354137
315823 352708
316053 352271
316058 342099
316300 342019
316509 341717
316512 339821
316592 317075
317093 339750
317110 339732
317226 317681
318347 339696
318418 339556
318419 339515
318497 320295
318546 320231
318607 320045
318678 318839
319118 319210
319521 319966
320374 320758
321389 339359
321531 339094
322097 339086
322229 338915
322302 338201
323380 328013
323385 327017
323418 323661
323759 326891
324023 326886
324067 324502
324532 325779
324714 325017
325622 325704
325791 326504
325869 326168
327338 327958
327554 327728
328108 338182
328235 338110
328713 335947
328744 335489
328801 335443
328959 335405
329485 329621
329984 335318
330221 332697
330736 332515
330815 331006
331193 332500
331494 331755
332204 332371
332835 334935
332871 334773
333172 334629
333378 334319
335493 335666
336095 336335
336372 336914
336475 336788
336539 336761
337080 338015
337181 338004
337518 337829
338247 338826
338363 338646
338834 338889
340028 341143
340133 340779
340493 340542
341194 341657
342127 352125
342140 343152
342174 342297
342324 342680
342345 342582
342756 343043
343262 351519
343491 343626
344156 351377
344205 351313
344533 344626
344652 345136
345140 345820
346023 351050
346106 346296
346345 350657
346479 350148
346735 347116
346800 347063
348202 349918
348323 349907
348624 349326
350257 350611
350694 350970
351794 351987
352449 352606
352900 354085
353207 353979
354455 354701
354971 359115
355021 358893
355117 358745
355156 358608
355284 357884
355434 357191
355564 356674
355642 355879
355659 355805
356150 356412
356537 356605
357048 357149
357352 357485
358526 358533
359456 359650
359938 360084
360174 360269
360519 360960
361920 362238
363413 363462
363701 364504
364518 365548
364727 365232
366635 366892
367211 367528
370738 370985
171162 199529
171325 199471
171874 199179
172004 199028
172047 176001
172173 175531
172847 175406
173103 174798
173150 174633
173791 174068
173857 173937
174874 174897
175085 175217
175839 175917
176131 198871
176141 198856
176304 194309
176325 194289
176376 194048
176492 193922
176495 176629
177438 193430
177454 193401
177612 193115
177632 191674
177771 191594
178021 180093
178127 178414
178476 179938
178575 179826
178769 178941
179033 179777
180633 180841
180859 191577
180962 191523
181020 191218
181206 181384
181535 191213
181637 191203
181837 190981
181880 190656
182480 182984
182688 182921
183592 190449
183614 184392
184640 190445
184672 190348
185171 186006
185217 185478
185503 185893
186031 190012
186126 189915
186281 186339
186396 189776
186457 188675
186774 188199
186948 188067
187391 187899
188983 189623
190077 190335
191886 193113
191940 192210
193560 193879
194787 198720
195042 198698
195188 197990
195322 197764
195488 197709
195515 195666
195902 197583
196145 197378
199229 199302
199358 199365
3127 171085
3228 3345
3609 5338
3632 5281
3638 4331
3996 4312
5493 171053
5602 170839
5709 5801
5814 169961
5817 169953
5942 168484
6021 168430
6245 6485
6751 168332
6783 168253
7274 7673
7680 167828
7850 166083
7883 7945
8056 166021
8117 16378
8492 8875
9128 16251
9689 16141
9761 16021
9785 9859
9860 15868
10273 14039
10399 13914
10406 10454
10584 12538
11297 12375
11312 11974
12750 13790
12895 13717
14136 15797
14480 15609
14777 15578
14956 15577
16546 17539
16878 17141
17169 17404
17570 166012
17668 18115
18140 31346
18523 31315
18810 20172
18963 19479
19958 20147
20281 30741
20337 30720
20366 30587
20556 24457
20574 24409
20617 20677
20683 23290
20938 22812
21039 22026
22039 22499
22283 22360
22546 22621
23318 23675
23830 24102
24461 30277
24501 29827
25161 28308
25170 28019
25427 27089
25660 27019
25751 25935
26212 26488
27240 27661
28424 29700
28628 29243
28846 29024
29209 29214
29835 29950
30784 31003
31503 165796
31553 165489
31935 32494
32568 165450
32753 165449
32965 164978
33242 164708
33306 164536
33467 33732
34337 34492
34600 164499
34738 164363
34836 164139
35708 163234
35957 162389
36106 162286
36276 161714
36396 161526
36648 47034
36704 46876
36746 44809
36762 44599
36817 44488
36856 44121
37001 37420
37453 43840
37746 43759
37835 41290
37845 41033
38821 40053
38855 39418
39155 39252
39569 39847
40062 40380
40576 40717
41302 43621
41737 43325
42256 43187
42508 42851
43074 43118
43222 43266
44030 44087
45209 46456
45526 45668
45937 46426
46017 46138
47144 161446
47182 47293
47677 161428
47846 161230
48090 161139
48099 48429
48450 159840
48824 159555
49016 50239
49083 49772
50388 159245
50894 159237
50954 158772
51531 158749
51563 51594
51760 157948
51913 157494
52141 136409
52229 136340
52280 136004
52345 135999
52901 135933
53103 57140
53255 55235
53290 55183
53315 54207
53357 53718
53902 54001
54650 55162
54683 54961
55668 55726
55876 56658
56882 57083
57203 135787
57477 135662
57727 57904
58126 135628
58302 109732
58347 109649
58414 58530
58597 109546
58642 109404
58653 108620
58680 107730
58712 107645
59105 102981
59184 59473
59524 102630
59562 102502
59596 101889
59744 101421
59824 69431
59955 62350
60076 60933
60486 60570
60681 60803
61296 62348
61470 62238
61590 62153
62013 62133
62676 69402
62764 69305
62765 66701
62875 66543
63057 66446
63197 63297
63417 63467
64034 66299
64433 65980
64579 65514
64584 65387
64977 65371
65592 65823
65601 65796
66451 66477
67351 67389
67554 69204
67571 68482
67686 68022
68573 68942
68987 68994
69437 100652
69582 100645
69796 100603
69992 100527
70000 70255
70287 100460
70365 100072
70497 99759
70673 79038
70726 74840
70772 74216
71082 74128
71278 73722
71503 71698
71749 73452
72060 72271
72454 72970
73030 73110
74362 74645
74578 74579
74653 74686
74943 78945
75751 76130
75954 76011
76316 78809
76317 78658
76482 77785
76641 76942
77395 77615
77876 78401
79434 99641
79469 80141
80344 99036
80397 98879
80478 98668
80687 98412
80790 98309
81277 98093
81325 98089
81762 82668
81882 82040
82816 97542
83069 97251
83146 95448
83148 83537
83611 95427
83931 95410
83990 90481
84166 90130
84191 90000
84356 89021
84484 88997
84646 86630
84849 86060
85325 86052
85536 85604
85683 85940
86669 88817
86675 87443
87471 88414
87543 88409
89635 89869
90517 95365
90582 95325
90758 93454
90825 91804
92018 92556
92611 93373
93612 94250
94454 94991
95162 95201
95919 96502
95958 96215
96566 97171
98427 98580
99290 99494
100961 101085
101465 101865
102104 102195
103010 107601
103408 107494
103734 107304
103781 105921
104034 105920
104354 105270
104358 104847
105292 105520
106016 107139
106030 107034
107864 108264
108774 109230
109788 130631
109931 130107
109955 130026
110423 129780
110425 129645
110498 128937
110704 128685
111174 128670
111257 111300
111497 128571
111970 118523
112139 112456
112459 118269
112590 118255
112698 117223
112892 117138
112909 116986
113381 116889
113556 116351
113872 116264
114394 115471
114429 114497
114545 115068
115174 115291
115487 115900
118529 118608
118661 124289
118919 124157
118945 118974
119491 124145
120032 123529
120052 121970
120142 120990
120284 120960
120551 120602
121605 121864
122113 123495
122215 122449
122537 122898
123662 124035
124345 128562
124634 128436
124819 127336
124822 127152
124866 125234
125528 127116
126152 126976
126240 126729
126385 126517
127451 127697
127924 128333
128969 129114
130666 135530
130870 131752
132007 135219
132139 135209
132264 134604
132269 132505
132568 133917
132780 133109
133440 133816
134232 134503
134251 134266
134556 134587
134751 134991
135060 135201
136413 151019
136491 147286
136533 137056
136777 136780
136838 136893
137159 137229
137348 146989
137407 146725
137584 146677
137812 138061
138210 138518
138555 145049
139033 144375
139074 139818
139231 139608
139868 143663
139895 141432
140076 140143
140497 140873
140542 140658
141443 142971
141532 142392
142565 142886
143129 143243
143796 143880
143912 144257
144045 144146
144422 144912
144750 144807
145185 146649
145285 146575
146242 146539
147309 150932
147319 147835
147836 148503
148150 148309
148581 149632
148745 149617
148771 149122
149711 150926
150440 150896
151023 157427
151688 157114
151698 156956
151959 153423
151995 152088
152133 153196
152172 152970
153434 153846
154136 154286
154350 156885
154391 154539
154644 156628
154850 155717
154949 155254
155774 156607
155856 156506
155950 155976
157284 157384
158024 158262
159314 159539
159907 161133
160187 161077
161886 162277
162288 162315
163296 164125
163389 164113
166121 166801
166211 166782
166876 167469
167580 167733
168072 168173
168538 169892
169285 169599
170194 170802
170461 170665
2897 3005
81 2709
385 2110
612 630
704 2077
1373 1699
1792 2011
