270
36 19659
53 18720
99 17631
110 17464
128 17266
136 150
171 17090
202 781
207 442
248 373
267 371
273 312
470 779
514 774
632 717
639 664
786 17079
870 17075
902 17074
917 17019
1063 16991
1127 16987
1131 16092
1187 1217
1221 16060
1245 16013
1288 15956
1408 15813
1452 15725
1467 15280
1532 15245
1550 15238
1648 9686
1661 1694
1731 9611
1738 9608
1756 9365
1786 9348
1815 9062
1828 9058
1866 1904
1939 8947
1952 8777
1977 8758
1986 8745
1990 7956
2006 7923
2027 7895
2082 2122
2171 7817
2201 2621
2226 2587
2256 2556
2330 2501
2337 2438
2634 4740
2640 2768
2658 2702
2799 4575
2808 3016
2850 2989
2872 2986
2922 2942
3030 4569
3047 4358
3070 4304
3143 3876
3227 3836
3257 3811
3262 3784
3264 3332
3275 3305
3280 3293
3347 3764
3354 3654
3569 3599
3911 4287
3968 4068
4147 4251
4236 4249
4372 4524
4469 4520
4616 4717
4626 4674
4628 4634
4747 7797
4783 7578
4792 4822
4849 7559
4860 4956
4982 7139
4996 7130
5037 6915
5045 6877
5123 6714
5185 6713
5210 6671
5235 6668
5302 5310
5363 6655
5393 6062
5402 5470
5404 5466
5405 5440
5746 6015
5770 5892
5774 5854
5903 6012
6072 6653
6102 6628
6125 6599
6176 6598
6197 6591
6343 6560
6362 6479
6413 6472
6483 6522
6717 6762
6818 6865
6972 7039
7062 7064
7164 7539
7184 7223
7245 7373
7269 7357
7396 7530
7620 7756
7957 8728
7966 8520
7999 8167
8095 8119
8178 8224
8231 8502
8303 8493
8332 8471
8379 8396
8389 8395
8425 8459
8802 8928
8965 8989
9067 9084
9116 9312
9134 9138
9143 9295
9148 9215
9149 9193
9352 9353
9426 9587
9690 15182
9716 15174
9745 15118
9773 15100
9802 14728
9811 10369
9902 9907
9920 9936
9941 9951
9995 10358
10018 10350
10023 10347
10088 10293
10119 10207
10428 14719
10443 14712
10460 10485
10500 14656
10520 12765
10558 12761
10601 10865
10661 10718
10801 10864
10866 12699
10888 11161
10929 11149
10951 11065
11018 11049
11132 11140
11191 12698
11206 11963
11208 11952
11211 11247
11324 11921
11341 11902
11489 11803
11499 11791
11566 11684
11573 11648
12039 12069
12105 12660
12107 12301
12122 12239
12302 12580
12305 12545
12770 13054
12790 13042
12886 13035
12926 12956
13087 14636
13137 14635
13153 14619
13218 13552
13336 13518
13347 13410
13504 13517
13575 13638
13642 14581
13691 14505
13701 14499
13735 14457
13833 13990
14028 14456
14040 14416
14085 14412
14141 14377
14176 14229
14185 14187
14536 14570
14594 14614
14742 15026
14782 14907
15027 15095
15042 15083
15319 15707
15408 15706
15441 15686
15487 15677
15829 15918
15852 15901
15923 15938
16116 16209
16306 16935
16319 16921
16336 16500
16596 16801
16640 16795
16691 16707
17328 17458
17375 17410
17389 17409
17436 17449
17473 17515
17659 18712
17670 18554
17675 18533
17676 17982
17740 17978
17755 17847
17849 17958
17865 17936
17888 17892
18052 18235
18080 18133
18085 18130
18277 18339
18297 18302
18380 18521
18443 18458
18474 18477
18560 18659
18598 18638
18730 19634
18735 19331
18832 19320
18864 19274
18920 19010
19022 19182
19038 19154
19333 19421
19444 19545
19548 19613
