460
11119 59025
11130 36897
11132 15209
11199 11342
11370 11381
11451 15180
11530 11825
11573 11579
11604 11629
11837 15143
12021 12071
12076 15133
12095 15084
12179 15045
12192 12251
12305 12372
12391 12500
12419 12438
12559 15016
12584 14926
12613 14735
12831 13824
12838 13814
12885 13783
12996 13728
13007 13711
13134 13199
13372 13690
13387 13552
13843 14691
13857 14417
13952 14198
13977 14100
14473 14634
15055 15073
15219 36846
15220 36798
15361 36668
15573 36426
15607 36348
15614 36294
15654 36150
15730 18827
15753 15833
15847 18779
15865 15894
15914 16269
16025 16045
16306 18200
16356 18082
16501 18075
16508 17579
16611 17400
16948 17314
17052 17261
17425 17560
17639 18056
17647 17953
17745 17882
18117 18174
18202 18767
18241 18743
18368 18733
18576 18589
18676 18694
18849 36146
18854 36123
18944 19245
18994 19032
19132 19198
19268 35940
19296 35934
19395 19427
19470 35925
19550 35918
19718 35835
19719 22112
19767 22072
19968 20067
20074 22068
20164 22000
20312 21876
20366 21862
20370 21832
20425 20799
20463 20745
20562 20744
20590 20649
20823 21771
20969 21711
21027 21085
21177 21197
21319 21360
21405 21406
22036 22039
22181 35768
22298 35675
22406 35523
22575 35475
22599 35401
22797 35387
22919 35234
22923 34445
23022 34437
23096 23171
23174 23388
23352 23384
23480 34427
23626 34367
23666 24648
23673 23854
23885 24576
24059 24105
24116 24492
24225 24484
24678 34239
24698 33990
24714 33978
24774 27604
24809 27597
24919 25589
25017 25588
25036 25081
25161 25579
25616 25683
25725 27522
25784 27520
25820 25871
25917 27490
25919 27488
25939 27454
26073 27076
26130 26299
26152 26159
26317 27070
26355 26579
26745 27021
26766 27009
27203 27422
27692 33968
27696 33935
27800 28020
28135 33898
28159 31764
28276 31505
28363 30916
28383 28880
28431 28845
28443 28673
28561 28563
28884 30914
28912 30896
28954 28970
29102 29160
29171 29395
29397 30510
29431 30472
29451 30461
29457 30280
29630 30247
29670 30026
29676 29870
29947 29995
30573 30837
30940 31158
30953 31097
30955 30976
30989 30992
31178 31357
31192 31200
31506 31763
31600 31677
31836 33884
31921 33808
31943 31982
32138 33759
32204 33565
32214 33548
32386 33542
32464 32536
32694 33521
32704 33368
32741 33339
32765 33314
32975 33309
33322 33336
33636 33717
34490 35208
34626 34743
34781 35198
34988 35182
35480 35501
35580 35601
35842 35915
36060 36107
36457 36658
36535 36564
36708 36794
36901 59018
36931 57077
36962 57064
36991 56993
36997 56976
37021 56876
37031 46765
37066 37086
37105 46764
37179 46750
37209 39626
37246 39571
37300 39476
37383 37445
37467 37506
37542 37560
37729 39459
37735 37866
37918 39245
37946 39228
38038 38946
38138 38940
38265 38310
38463 38656
38558 38598
38720 38927
39258 39297
39324 39412
39651 40993
39732 40018
40148 40186
40159 40185
40222 40975
40318 40865
40324 40862
40349 40858
40404 40450
40492 40505
40704 40851
41051 46671
41082 45086
41321 45044
41323 45034
41395 45017
41399 44880
41516 44609
41613 44558
41639 44509
41822 44365
41823 44255
41873 44232
42057 42086
42107 44100
42242 42478
42495 44080
42589 42634
42640 44079
42797 43813
42798 43675
42870 43651
42903 42971
42982 43635
43028 43620
43149 43512
43160 43190
43889 44025
44616 44873
44635 44814
45127 46619
45286 46551
45298 45423
45365 45378
45459 46527
45642 45687
45693 46503
45762 46216
45790 46153
45825 45929
46069 46086
46219 46393
46784 47084
46809 46921
47111 56808
47120 56000
47203 55573
47255 55561
47263 55523
47271 47327
47401 55426
47506 55381
47509 55367
47513 54628
47530 47574
47584 54358
47605 47675
47786 54313
47859 48071
47945 48005
48102 54300
48197 48408
48423 48504
48522 49400
48555 48833
48615 48798
48893 49379
49029 49147
49405 54294
49489 49698
49500 49650
49700 54265
49729 50593
49811 50575
49823 50376
49855 49884
49918 50051
50115 50269
50660 51202
50728 50956
50797 50848
50974 51187
51057 51075
51206 54239
51221 54162
51464 51549
51636 54149
51660 54052
51699 53568
51716 53550
51732 53500
51807 53490
51881 51967
52207 53414
52238 52434
52488 53363
52658 52798
52835 53355
52891 53174
52919 52996
53207 53353
53255 53290
53576 53578
53711 54005
53761 53977
53790 53795
53905 53915
54416 54592
54440 54485
54802 55293
54810 55189
54835 54974
55209 55222
55577 55988
55596 55836
55635 55781
56151 56794
56217 56277
56333 56782
56394 56688
57253 58960
57266 57845
57286 57831
57310 57830
57363 57751
57550 57634
57594 57606
57756 57820
57989 58702
58063 58690
58079 58343
58207 58332
58420 58533
58428 58449
58729 58866
58751 58754
58932 58937
71 11053
95 186
188 10810
425 10754
471 10454
473 10421
506 10324
679 10319
703 6482
712 6462
785 6410
828 5730
859 1001
887 938
1101 5636
1139 4834
1140 4790
1315 4771
1417 4689
1456 3430
1470 3408
1494 3400
1534 1630
1642 2624
1733 2490
1861 2184
2209 2333
2237 2330
2294 2326
2689 3394
2800 3378
2989 3348
3458 4678
3561 4638
3571 3578
3628 4587
3730 3927
3766 3807
3947 4580
3986 4092
4095 4276
4308 4509
4862 5572
4910 5391
5043 5218
5091 5139
5158 5194
5167 5189
5419 5540
5830 6265
5928 5991
6069 6184
6130 6165
6330 6405
6342 6384
6496 10145
6545 10106
6561 10027
6626 9114
6662 7837
6733 7814
6764 7761
6891 7725
7018 7594
7102 7593
7168 7410
7598 7723
7646 7685
7851 9101
7871 9009
7900 8502
8031 8136
8384 8460
8388 8403
8555 8987
8676 8902
9164 9895
9222 9880
9324 9771
9398 9499
9680 9713
10191 10244
10467 10645
10482 10517
10556 10600
10820 10983
23 24
