792
80551 176904
80769 176756
80785 81227
81404 176726
81405 176648
81512 175155
81657 175146
81932 175092
82036 82150
82159 175047
82232 174957
82253 174788
82297 82333
82437 86105
82439 85296
82763 82900
82908 85138
83153 84762
83225 83266
83308 84603
83389 84506
83467 84494
83549 83595
83633 84319
83648 84060
84151 84156
84827 85129
84911 85050
85335 85644
85649 86089
86019 86070
86120 174707
86152 86624
86158 86161
86208 86320
86657 87891
86735 87866
86953 87667
86994 87416
87001 87350
87040 87070
87160 87318
87910 174657
87915 87980
88129 174510
88423 174103
88457 88929
88931 174098
88977 173070
89049 172962
89052 172944
89170 172902
89288 172889
89438 172682
89498 89816
89517 89627
89594 89623
89844 172528
89851 90306
89962 90106
89994 90020
90173 90275
90520 140970
90534 140856
90674 140815
90925 140737
90964 91206
91056 91196
91424 140374
91573 140320
91616 98846
91731 98645
91734 98512
91773 96996
91853 96115
91877 93381
92143 93276
92328 92839
92446 92628
92522 92607
92864 93256
93400 96106
93625 96092
93658 95522
93781 95404
93805 95355
93854 95310
93883 94272
94302 95250
94704 95240
94793 94862
95839 95968
95866 95954
95891 95940
96174 96786
96290 96731
96422 96695
97034 98504
97087 97369
97102 97277
97399 98344
97434 98185
97494 98028
97783 97865
98739 98751
98881 99215
99061 99148
99252 99743
99323 99496
99766 99777
99885 140299
99909 139714
99988 139111
100172 139076
100252 139045
100329 100641
100866 139005
101080 138978
101144 138966
101145 138647
101206 138580
101516 138501
101520 104075
101534 103832
101542 102372
101640 102285
101718 101719
102288 102369
102383 103814
102723 103465
102946 103439
103300 103423
103664 103781
103739 103771
104130 138012
104131 138010
104181 137459
104292 136662
104434 136614
104464 136537
104587 105319
104654 105248
104974 105080
105642 136535
105779 136506
105781 106041
106292 135902
106310 106344
106453 135791
106723 114628
106770 114554
106901 107145
106903 106962
107149 114544
107192 114370
107270 107417
107464 108513
107919 108506
107961 108298
108694 114316
108698 112884
108706 112176
108828 112069
108839 111997
108894 108929
109046 110100
109179 109626
109214 109337
109644 109693
109864 109966
110101 110735
110128 110373
110852 111940
110884 111753
111039 111231
111171 111183
111301 111486
112244 112870
112436 112452
112951 114279
113123 113125
113365 113578
113625 114244
113767 114196
114017 114167
114825 135720
114927 135663
114977 135644
115028 135483
115304 134609
115323 115576
115364 115522
115930 134527
115932 116304
116063 116191
116392 116562
116568 134425
116606 116673
116743 134403
116744 116969
117019 117083
117154 120929
117174 120908
117471 120903
117508 118860
117604 118834
117626 118483
117706 117761
117776 117779
117935 118479
117990 118078
118161 118223
118890 120843
118928 120781
118942 120554
119056 119359
119411 120545
119606 120065
119651 119910
119673 119841
120142 120189
120284 120357
120570 120730
121098 121142
121144 134092
121361 121396
121506 134024
121520 123010
121525 121769
121806 122862
121811 122734
121954 122054
122075 122586
122100 122438
123218 133806
123360 133734
123361 132448
123434 132424
123513 132154
123533 132009
123623 131994
123913 131907
124096 124160
124444 124543
124561 131164
124604 130465
124619 128886
124639 124901
124932 128866
124970 128111
125024 128106
125131 127286
125219 125897
125230 125891
125236 125836
125388 125814
126065 126641
126370 126582
126646 126682
126683 127280
126753 126896
127287 127666
127799 128030
128270 128752
128421 128682
128979 130409
129315 130272
129383 129438
129463 129643
129751 130229
129843 130188
130581 130623
130841 131119
131203 131895
131248 131462
131636 131825
132477 133633
132576 133299
132710 133166
133347 133626
134340 134377
134589 134595
134684 135427
134909 135414
134958 135346
135363 135371
135611 135613
135980 136432
136009 136099
136130 136204
136697 137456
137047 137252
137182 137192
137617 137857
139115 139648
139240 139469
139630 139645
139742 140230
139844 140154
141009 172488
141207 172439
141456 172341
141518 141529
141542 171720
141588 166269
141604 165961
141754 164151
141811 163843
141923 163814
141990 163714
141998 163683
142034 163648
142345 142373
142417 163629
142489 159812
142652 159809
142665 158889
142712 158676
142745 158514
142779 158266
142788 158005
142839 156811
142922 143252
142938 143184
143200 143208
143304 154944
143365 154536
143413 144072
143878 143934
144206 154501
144253 154409
144320 144532
144618 144763
144848 145054
145106 154406
145323 154335
145424 146522
145584 146505
145611 146426
146001 146283
146533 154275
146880 154101
146915 147151
147260 153174
147325 152651
147386 149496
147611 149451
147728 149055
147792 147936
148103 148200
148337 148844
148928 148977
149646 152558
149699 150101
149744 149851
149763 149820
149863 149948
150142 152543
150149 152522
150258 150424
150614 151711
151014 151587
151218 151446
151761 152345
151859 152307
152657 153112
152988 153054
153221 153277
153470 153504
153538 154092
153663 153672
153716 153903
154961 156573
155268 156284
155311 155897
155513 155642
155700 155841
156815 157972
157267 157958
157393 157458
157513 157790
157853 157879
158068 158186
158306 158331
158684 158804
158939 159746
159207 159627
159407 159430
159868 162159
159909 161718
159988 160157
160280 161621
160314 161462
160595 161315
160823 161207
161756 161969
162009 162017
162109 162133
162164 163523
162188 163449
162238 163319
162386 162698
162745 163237
162887 163140
162950 163137
164177 165844
164193 165722
164271 165514
164352 165234
164587 165036
164710 164810
165472 165513
165519 165660
166299 171607
166302 171567
166410 171453
166451 171287
166456 170503
166621 170186
166725 170168
167110 167973
167139 167224
167277 167352
167389 167596
167690 167765
168104 169892
168292 169873
168582 169175
168674 169002
169232 169682
169326 169629
169408 169536
169931 170013
170231 170450
170580 171222
170737 171141
170830 171086
171721 171874
171890 172321
172232 172305
172611 172660
173142 174056
173232 173766
173308 173367
173629 173756
174194 174452
175348 176639
175471 176182
175583 176174
175829 175875
80608 80717
3 80499
317 80390
504 80099
616 685
692 79983
704 79859
724 62031
887 61923
1170 61848
1174 61823
1225 21303
1234 1654
1701 21253
1769 1989
2030 21162
2031 2712
2227 2678
2828 21123
2833 20662
2880 20618
2965 4198
2971 3160
3225 4154
3445 3652
3761 3901
4229 20423
4795 15968
4806 5076
5121 5253
5324 15649
5387 15624
5435 15170
5457 12642
5506 10758
5979 10728
6044 10558
6119 6278
6282 10373
6312 9472
6437 9267
6580 8886
6638 8879
6696 6930
7003 8256
7209 8073
7663 7761
7921 8026
8265 8845
8311 8771
8480 8589
8889 9166
8900 9006
9662 9751
9851 10272
10571 10717
10793 12470
10823 12453
11256 12382
11287 12364
11466 11885
11479 11637
11767 11794
12486 12604
12645 15010
12821 12865
12889 14980
12928 14896
13008 14137
13186 14030
13316 13510
13562 13952
14149 14876
14273 14711
14639 14675
14734 14815
15663 15961
16052 20330
16124 20202
16129 20162
16243 20021
16258 19729
16384 18727
16526 18569
16614 18363
16805 18313
16920 17066
17085 18278
17264 18089
17313 17892
17371 17748
18753 19716
18985 19636
19159 19448
19791 19880
20866 21093
20914 20944
21274 21275
21412 61513
21424 61454
21431 61309
21493 61184
21519 60961
21559 24486
21682 24120
21886 24106
21896 23779
22161 23638
22281 23630
22340 23398
22488 23335
22549 23322
22659 22844
22711 22836
23017 23249
23048 23188
23825 24050
24148 24376
24492 60951
24595 60484
24801 60430
25143 25350
25355 60379
25356 60334
25551 27042
25693 26902
26127 26509
26549 26884
26676 26689
27066 60197
27152 60102
27154 60086
27280 60053
27437 59733
27662 59709
27769 59434
27823 59290
27924 59040
27970 29396
28032 29336
28217 29200
28294 29174
28604 29123
29434 29477
29578 29754
29773 55766
30015 55499
30071 30358
30514 55383
30655 55308
30818 55104
30838 55060
30948 55040
31266 31527
31739 54726
31988 32091
32022 32081
32117 54717
32192 54461
32390 54236
32409 53946
32483 51727
32636 33829
32691 33798
33183 33745
33195 33202
33382 33558
33657 33719
33880 51706
33912 51089
33918 50970
33967 50719
34412 50568
34448 35471
34494 35422
34626 35280
34720 35180
34889 35044
35588 50512
35754 35813
36093 36986
36108 36156
36325 36453
36655 36766
37071 50452
37091 50250
37260 50026
37264 49773
37317 37365
37557 49719
37763 49512
37833 48981
37878 48812
37889 48686
38124 48649
38251 38301
38302 48490
38357 43273
38390 43241
38406 42959
38494 38520
38549 42749
38646 39873
38734 39781
38755 38762
38828 38974
39157 39507
39920 42697
39931 41894
40089 41871
40160 40376
40523 41667
40630 41543
40947 40956
41099 41473
41141 41457
42068 42671
42804 42941
43032 43152
43289 48484
43332 47528
43358 47239
43375 43428
43526 46906
43572 46904
43621 46452
43651 46330
43835 46329
44124 45757
44184 45668
44254 45431
44384 45248
44625 44941
45790 45996
46923 47158
47080 47107
47538 48436
47999 48421
49085 49470
51109 51609
51293 51519
51857 53498
51877 53381
52094 53319
52137 52764
52279 52481
52530 52723
52830 53231
54203 54235
54444 54458
54761 55016
55223 55287
55518 55604
55635 55763
55823 58802
55959 58792
56155 58789
56311 58759
56348 58148
56439 58093
56756 58058
56878 57880
57019 57207
57231 57547
57328 57532
57616 57869
58442 58548
59761 59856
60557 60675
62173 68594
62204 68499
62232 68427
62243 68208
62345 63454
62350 62916
62433 62615
62973 63453
62997 63180
63483 66066
63500 65725
63708 63767
63909 65669
64013 65559
64032 65232
64090 65047
64092 64890
64225 64334
64521 64781
64585 64764
65243 65476
65751 66026
66154 66589
66366 66426
66670 66892
66958 68072
67023 67985
67089 67350
67484 67919
68751 79643
68762 68769
68975 79628
69018 79130
69374 79028
69496 79009
69570 78822
69577 70077
70198 78757
70505 78704
70650 78620
70819 71345
71386 71467
71527 78563
71732 78383
71740 78376
71818 76722
71916 72457
72248 72356
72302 72308
72644 76653
72715 72747
72865 76626
72883 76572
73207 73524
73255 73512
73335 73405
73838 76510
73898 76210
73981 74246
74390 76055
74421 74441
74480 74624
75037 76039
75139 76014
75280 75429
75537 75997
75651 75731
75759 75912
76746 76841
76952 78349
77132 77584
77638 78280
77911 78271
