90
14 2166
23 2160
30 43
68 147
81 146
96 122
149 2159
163 2088
177 2069
180 2068
199 1994
252 1960
273 1952
274 408
288 386
298 383
307 378
315 336
342 343
415 1950
427 1949
435 1937
447 1071
474 962
476 558
493 555
508 553
528 537
589 595
605 958
617 627
635 947
641 938
653 679
685 919
693 914
731 734
743 899
753 893
756 856
766 784
789 847
795 835
807 824
874 886
964 1067
967 985
978 983
992 1039
1018 1024
1044 1061
1081 1933
1082 1876
1089 1097
1099 1424
1101 1399
1104 1368
1112 1313
1120 1301
1141 1161
1163 1215
1166 1168
1223 1296
1253 1284
1317 1363
1436 1869
1440 1607
1446 1495
1451 1485
1459 1473
1502 1604
1529 1575
1589 1595
1623 1862
1632 1847
1633 1646
1651 1841
1652 1834
1665 1717
1740 1776
1742 1763
1779 1791
1795 1827
1941 1942
1961 1985
2007 2064
2026 2059
2092 2096
2117 2145
2122 2140
